Rule 15
00 to 00 -> 1
00 to 01 -> 1
01 to 10 -> 1
01 to 11 -> 1
10 to 00 -> 0
10 to 01 -> 0
11 to 10 -> 0
11 to 11 -> 0

Rule 22
00 to 00 -> 0
00 to 01 -> 1
01 to 10 -> 1
01 to 11 -> 0
10 to 00 -> 1
10 to 01 -> 0
11 to 10 -> 0
11 to 11 -> 0

Rule 30
00 to 00 -> 0
00 to 01 -> 1
01 to 10 -> 1
01 to 11 -> 1
10 to 00 -> 1
10 to 01 -> 0
11 to 10 -> 0
11 to 11 -> 0

Rule 54
00 to 00 -> 0
00 to 01 -> 1
01 to 10 -> 1
01 to 11 -> 0
10 to 00 -> 1
10 to 01 -> 1
11 to 10 -> 0
11 to 11 -> 0

Rule 90
00 to 00 -> 0
00 to 01 -> 1
01 to 10 -> 0
01 to 11 -> 1
10 to 00 -> 1
10 to 01 -> 0
11 to 10 -> 1
11 to 11 -> 0

Rule 110
00 to 00 -> 0
00 to 01 -> 1
01 to 10 -> 1
01 to 11 -> 1
10 to 00 -> 0
10 to 01 -> 1
11 to 10 -> 1
11 to 11 -> 0
