10 times
mass = 1.474930
(xm, yn) = (0.807326, 0.819863)
mass error = 0.016713
xm error = 0.453071
ym error = 0.341838

100 times
mass = 1.632575
(xm, yn) = (0.601853, 0.608797)
mass error = 0.088384
xm error = 0.083248
ym error = 0.003605

1000 times
mass = 1.473612
(xm, yn) = (0.581663, 0.606817)
mass error = 0.017592
xm error = 0.046910
ym error = 0.006847

10000 times
mass = 1.498105
(xm, yn) = (0.560489, 0.602842)
mass error = 0.001264
xm error = 0.008800
ym error = 0.013351

10 times
mass = 2.425109
(xm, yn) = (0.209750, 0.131589)
mass error = 0.089503
xm error = 0.209750
ym error = 0.131589

100 times
mass = 2.693056
(xm, yn) = (0.034351, 0.035669)
mass error = 0.011097
xm error = 0.034351
ym error = 0.035669

1000 times
mass = 2.654825
(xm, yn) = (0.032611, 0.001421)
mass error = 0.003257
xm error = 0.032611
ym error = 0.001421

10000 times
mass = 2.666633
(xm, yn) = (0.018292, 0.003600)
mass error = 0.001176
xm error = 0.018292
ym error = 0.003600

Time taken: 0.013798