\BOOKMARK [1][-]{section.1}{For Gen\351rico}{}% 1
\BOOKMARK [2][-]{subsection.1.1}{Calculo de Veces que Entra}{section.1}% 2
\BOOKMARK [2][-]{subsection.1.2}{Variante Multiplicativa}{section.1}% 3
\BOOKMARK [2][-]{subsection.1.3}{Calculo de Veces que Entra}{section.1}% 4
\BOOKMARK [2][-]{subsection.1.4}{Costo Temporal de un For Generico}{section.1}% 5
\BOOKMARK [1][-]{section.2}{Funci\363n Complejidad Temporal - Espacial}{}% 6
\BOOKMARK [2][-]{subsection.2.1}{Algoritmo 1}{section.2}% 7
\BOOKMARK [2][-]{subsection.2.2}{Algoritmo 2}{section.2}% 8
\BOOKMARK [2][-]{subsection.2.3}{Algoritmo 3}{section.2}% 9
\BOOKMARK [2][-]{subsection.2.4}{Algoritmo 4}{section.2}% 10
\BOOKMARK [2][-]{subsection.2.5}{Algoritmo 5}{section.2}% 11
\BOOKMARK [1][-]{section.3}{Aproximaci\363n de N\372mero de Prints}{}% 12
\BOOKMARK [2][-]{subsection.3.1}{Algoritmo 6}{section.3}% 13
\BOOKMARK [2][-]{subsection.3.2}{Algoritmo 7}{section.3}% 14
\BOOKMARK [2][-]{subsection.3.3}{Algoritmo 8}{section.3}% 15
\BOOKMARK [1][-]{section.4}{An\341lisis de Casos de Prints}{}% 16
\BOOKMARK [2][-]{subsection.4.1}{Algoritmo 9}{section.4}% 17
\BOOKMARK [3][-]{subsubsection.4.1.1}{Mejor Caso}{subsection.4.1}% 18
\BOOKMARK [3][-]{subsubsection.4.1.2}{Peor Caso}{subsection.4.1}% 19
\BOOKMARK [3][-]{subsubsection.4.1.3}{Caso Medio}{subsection.4.1}% 20
\BOOKMARK [2][-]{subsection.4.2}{Algoritmo 10}{section.4}% 21
\BOOKMARK [3][-]{subsubsection.4.2.1}{Mejor Caso}{subsection.4.2}% 22
\BOOKMARK [3][-]{subsubsection.4.2.2}{Peor Caso}{subsection.4.2}% 23
\BOOKMARK [3][-]{subsubsection.4.2.3}{Caso Medio}{subsection.4.2}% 24
\BOOKMARK [2][-]{subsection.4.3}{Algoritmo 11}{section.4}% 25
\BOOKMARK [3][-]{subsubsection.4.3.1}{Mejor Caso}{subsection.4.3}% 26
\BOOKMARK [3][-]{subsubsection.4.3.2}{Peor Caso}{subsection.4.3}% 27
\BOOKMARK [3][-]{subsubsection.4.3.3}{Caso Medio}{subsection.4.3}% 28
\BOOKMARK [3][-]{subsubsection.4.3.4}{Caso Medio}{subsection.4.3}% 29
